<?xml version="1.0" encoding="UTF-8"?>
<testsuite xmlns:xsi="http://www.w3.org/2001/XMLSchema-instance" xsi:noNamespaceSchemaLocation="https://maven.apache.org/surefire/maven-surefire-plugin/xsd/surefire-test-report.xsd" name="Cucumber.Options.TestRunner" time="10.153" tests="4" errors="0" skipped="0" failures="0">
  <properties>
[...]
</properties>
  <testcase name="Verify that the Restful Booker Api service is Up" classname="End to End Automation for Restful booker Api" time="4.408"/>
  <testcase name="Verify that User gets an error on keeping the credential blank for token Api" classname="End to End Automation for Restful booker Api" time="2.11"/>
  <testcase name="Verify that Api call is success on providing valid username and password for token api" classname="End to End Automation for Restful booker Api" time="1.47"/>
  <testcase name="Verify that the user is able to create a booking" classname="End to End Automation for Restful booker Api" time="1.632"/>
</testsuite>